Removed Pin From Net: NetName=GND Pin=C24-1
Removed Pin From Net: NetName=1_2V Pin=C24-2
Removed Member From Class: ClassName=Sheet1 Member=C24
Change Component Footprint: Designator=C2 Old Footprint=C 0805_M New Footprint=C 0603_M
Change Component Footprint: Designator=C10 Old Footprint=C 0805_M New Footprint=C 0603_M
Change Component Footprint: Designator=C11 Old Footprint=C 0805_M New Footprint=C 0603_M
Change Component Footprint: Designator=C12 Old Footprint=C 0805_M New Footprint=C 0603_M
Change Component Footprint: Designator=C13 Old Footprint=C 0805_M New Footprint=C 0603_M
Change Component Footprint: Designator=C14 Old Footprint=C 0805_M New Footprint=C 0603_M
Change Component Footprint: Designator=C15 Old Footprint=C 0805_M New Footprint=C 0603_M
Change Component Footprint: Designator=C16 Old Footprint=C 0805_M New Footprint=C 0603_M
Change Component Footprint: Designator=C17 Old Footprint=C 0805_M New Footprint=C 0603_M
Change Component Footprint: Designator=C18 Old Footprint=C 0805_M New Footprint=C 0603_M
Change Component Footprint: Designator=C19 Old Footprint=C 0805_M New Footprint=C 0603_M
Change Component Footprint: Designator=C20 Old Footprint=C 0805_M New Footprint=C 0603_M
Change Component Footprint: Designator=C21 Old Footprint=C 0805_M New Footprint=C 0603_M
Change Component Footprint: Designator=C22 Old Footprint=C 0805_M New Footprint=C 0603_M
Change Component Footprint: Designator=C23 Old Footprint=C 0805_M New Footprint=C 0603_M
Add Pin To Net: Unknown Pin: Pin U3-4
Add Pin To Net: Unknown Pin: Pin U4-4
Add Pin To Net: Unknown Pin: Pin U5-4
Added Room: Name=Sheet1
