Change Component Designator: Old Designator=C8 New Designator=C9
Change Component Designator: Old Designator=C9 New Designator=C10
Change Component Designator: Old Designator=C10 New Designator=C11
Change Component Designator: Old Designator=C11 New Designator=C12
Change Component Designator: Old Designator=C12 New Designator=C13
Change Component Designator: Old Designator=C13 New Designator=C14
Change Component Designator: Old Designator=C14 New Designator=C15
Change Component Designator: Old Designator=C15 New Designator=C16
Change Component Designator: Old Designator=C16 New Designator=C17
Change Component Designator: Old Designator=C17 New Designator=C18
Change Component Designator: Old Designator=C18 New Designator=C19
Change Component Designator: Old Designator=C19 New Designator=C20
Change Component Designator: Old Designator=C20 New Designator=C21
Change Component Designator: Old Designator=C21 New Designator=C22
Change Component Designator: Old Designator=C22 New Designator=C23
Change Component Designator: Old Designator=C23 New Designator=C24
Change Component Designator: Old Designator=C24 New Designator=C25
Change Component Designator: Old Designator=C25 New Designator=C26
Change Component Designator: Old Designator=C? New Designator=C8
Change Component Designator: Old Designator=C? New Designator=C27
Change Component Designator: Old Designator=C? New Designator=C28
Change Component Designator: Old Designator=D? New Designator=D3
Change Component Designator: Old Designator=D? New Designator=D4
Change Component Designator: Old Designator=FPC2 New Designator=FPC3
Change Component Designator: Old Designator=FPC3 New Designator=FPC2
Change Component Designator: Old Designator=P1 New Designator=P2
Change Component Designator: Old Designator=P? New Designator=P1
Change Component Designator: Old Designator=R? New Designator=R22
Change Component Designator: Old Designator=R? New Designator=R23
Change Component Designator: Old Designator=U4 New Designator=U2
Change Component Designator: Old Designator=U9 New Designator=U6
Change Component Designator: Old Designator=U11 New Designator=U3
Change Component Designator: Old Designator=U12 New Designator=U4
Change Component Designator: Old Designator=U13 New Designator=U5
Change Component Designator: Old Designator=U? New Designator=U7
Change Component Designator: Old Designator=USB? New Designator=USB1
Change Component Designator: Old Designator=Y? New Designator=Y2
